[debug] [2023-02-07T13:52:21.347Z] ----------------------------------------------------------------------
[debug] [2023-02-07T13:52:21.349Z] Command:       C:\Program Files\nodejs\node.exe C:\Users\ADMIN\AppData\Roaming\npm\node_modules\firebase-tools\lib\bin\firebase.js deploy
[debug] [2023-02-07T13:52:21.349Z] CLI Version:   11.21.0
[debug] [2023-02-07T13:52:21.349Z] Platform:      win32
[debug] [2023-02-07T13:52:21.350Z] Node Version:  v18.13.0
[debug] [2023-02-07T13:52:21.350Z] Time:          Tue Feb 07 2023 20:52:21 GMT+0700 (Indochina Time)
[debug] [2023-02-07T13:52:21.350Z] ----------------------------------------------------------------------
[debug] 
[debug] [2023-02-07T13:52:21.408Z] > command requires scopes: ["email","openid","https://www.googleapis.com/auth/cloudplatformprojects.readonly","https://www.googleapis.com/auth/firebase","https://www.googleapis.com/auth/cloud-platform"]
[debug] [2023-02-07T13:52:21.408Z] > authorizing via signed-in user (dainb8x@gmail.com)
[debug] [2023-02-07T13:52:21.408Z] [iam] checking project front-end-2021 for permissions ["firebase.projects.get","firebasehosting.sites.update"]
[debug] [2023-02-07T13:52:21.410Z] > refreshing access token with scopes: []
[debug] [2023-02-07T13:52:21.411Z] >>> [apiv2][query] POST https://www.googleapis.com/oauth2/v3/token [none]
[debug] [2023-02-07T13:52:21.411Z] >>> [apiv2][body] POST https://www.googleapis.com/oauth2/v3/token [omitted]
[debug] [2023-02-07T13:52:32.523Z] [iam] error while checking permissions, command may fail: FirebaseError: Authentication Error: Your credentials are no longer valid. Please run firebase login --reauth

For CI servers and headless environments, generate a new token with firebase login:ci
[debug] [2023-02-07T13:52:32.526Z] > refreshing access token with scopes: []
[debug] [2023-02-07T13:52:32.528Z] >>> [apiv2][query] POST https://www.googleapis.com/oauth2/v3/token [none]
[debug] [2023-02-07T13:52:32.528Z] >>> [apiv2][body] POST https://www.googleapis.com/oauth2/v3/token [omitted]
[debug] [2023-02-07T13:52:56.760Z] Authentication Error: Your credentials are no longer valid. Please run firebase login --reauth

For CI servers and headless environments, generate a new token with firebase login:ci
[debug] [2023-02-07T13:53:01.767Z] Error: Timed out.
    at Timeout._onTimeout (C:\Users\ADMIN\AppData\Roaming\npm\node_modules\firebase-tools\lib\utils.js:253:49)
    at listOnTimeout (node:internal/timers:564:17)
    at process.processTimers (node:internal/timers:507:7)
[error] 
[error] Error: An unexpected error has occurred.
[debug] [2023-02-07T13:54:32.930Z] ----------------------------------------------------------------------
[debug] [2023-02-07T13:54:32.932Z] Command:       C:\Program Files\nodejs\node.exe C:\Users\ADMIN\AppData\Roaming\npm\node_modules\firebase-tools\lib\bin\firebase.js deploy
[debug] [2023-02-07T13:54:32.932Z] CLI Version:   11.21.0
[debug] [2023-02-07T13:54:32.932Z] Platform:      win32
[debug] [2023-02-07T13:54:32.932Z] Node Version:  v18.13.0
[debug] [2023-02-07T13:54:32.933Z] Time:          Tue Feb 07 2023 20:54:32 GMT+0700 (Indochina Time)
[debug] [2023-02-07T13:54:32.933Z] ----------------------------------------------------------------------
[debug] 
[debug] [2023-02-07T13:54:32.995Z] > command requires scopes: ["email","openid","https://www.googleapis.com/auth/cloudplatformprojects.readonly","https://www.googleapis.com/auth/firebase","https://www.googleapis.com/auth/cloud-platform"]
[debug] [2023-02-07T13:54:32.995Z] > authorizing via signed-in user (dainb8x@gmail.com)
[debug] [2023-02-07T13:54:32.995Z] [iam] checking project front-end-2021 for permissions ["firebase.projects.get","firebasehosting.sites.update"]
[debug] [2023-02-07T13:54:32.996Z] > refreshing access token with scopes: []
[debug] [2023-02-07T13:54:32.998Z] >>> [apiv2][query] POST https://www.googleapis.com/oauth2/v3/token [none]
[debug] [2023-02-07T13:54:32.998Z] >>> [apiv2][body] POST https://www.googleapis.com/oauth2/v3/token [omitted]
[debug] [2023-02-07T13:54:54.091Z] [iam] error while checking permissions, command may fail: FirebaseError: Authentication Error: Your credentials are no longer valid. Please run firebase login --reauth

For CI servers and headless environments, generate a new token with firebase login:ci
[debug] [2023-02-07T13:54:54.093Z] > refreshing access token with scopes: []
[debug] [2023-02-07T13:54:54.094Z] >>> [apiv2][query] POST https://www.googleapis.com/oauth2/v3/token [none]
[debug] [2023-02-07T13:54:54.094Z] >>> [apiv2][body] POST https://www.googleapis.com/oauth2/v3/token [omitted]
[debug] [2023-02-07T13:55:15.146Z] Authentication Error: Your credentials are no longer valid. Please run firebase login --reauth

For CI servers and headless environments, generate a new token with firebase login:ci
[debug] [2023-02-07T13:55:20.173Z] Error: Timed out.
    at Timeout._onTimeout (C:\Users\ADMIN\AppData\Roaming\npm\node_modules\firebase-tools\lib\utils.js:253:49)
    at listOnTimeout (node:internal/timers:564:17)
    at process.processTimers (node:internal/timers:507:7)
[error] 
[error] Error: An unexpected error has occurred.
